h:\visual studio 2013\projects\webclient_cef3\webclient_cef3\debug\webclient_cef3.pch
h:\visual studio 2013\projects\webclient_cef3\webclient_cef3\debug\vc120.pdb
h:\visual studio 2013\projects\webclient_cef3\webclient_cef3\debug\vc120.idb
h:\visual studio 2013\projects\webclient_cef3\webclient_cef3\debug\stdafx.obj
h:\visual studio 2013\projects\webclient_cef3\webclient_cef3\debug\clienthandler.obj
h:\visual studio 2013\projects\webclient_cef3\webclient_cef3\debug\clientv8extensionhandler.obj
h:\visual studio 2013\projects\webclient_cef3\webclient_cef3\debug\customcontrolsite.obj
h:\visual studio 2013\projects\webclient_cef3\webclient_cef3\debug\dscomposerplayeractivexctrl1.obj
h:\visual studio 2013\projects\webclient_cef3\webclient_cef3\debug\explorer1.obj
h:\visual studio 2013\projects\webclient_cef3\webclient_cef3\debug\gdipbutton.obj
h:\visual studio 2013\projects\webclient_cef3\webclient_cef3\debug\impidispatch.obj
h:\visual studio 2013\projects\webclient_cef3\webclient_cef3\debug\ipdlg.obj
h:\visual studio 2013\projects\webclient_cef3\webclient_cef3\debug\myvisit.obj
h:\visual studio 2013\projects\webclient_cef3\webclient_cef3\debug\smg.obj
h:\visual studio 2013\projects\webclient_cef3\webclient_cef3\debug\smgplayerdlg.obj
h:\visual studio 2013\projects\webclient_cef3\webclient_cef3\debug\webclient.obj
h:\visual studio 2013\projects\webclient_cef3\webclient_cef3\debug\webclient_cef3.obj
h:\visual studio 2013\projects\webclient_cef3\webclient_cef3\debug\webclient_cef3dlg.obj
h:\visual studio 2013\projects\webclient_cef3\debug\webclient_cef3.ilk
h:\visual studio 2013\projects\webclient_cef3\debug\webclient_cef3.exe
h:\visual studio 2013\projects\webclient_cef3\debug\webclient_cef3.pdb
h:\visual studio 2013\projects\webclient_cef3\webclient_cef3\debug\webclient_cef3.res
h:\visual studio 2013\projects\webclient_cef3\webclient_cef3\debug\webclient_cef3.tlog\cl.command.1.tlog
h:\visual studio 2013\projects\webclient_cef3\webclient_cef3\debug\webclient_cef3.tlog\cl.read.1.tlog
h:\visual studio 2013\projects\webclient_cef3\webclient_cef3\debug\webclient_cef3.tlog\cl.write.1.tlog
h:\visual studio 2013\projects\webclient_cef3\webclient_cef3\debug\webclient_cef3.tlog\link.command.1.tlog
h:\visual studio 2013\projects\webclient_cef3\webclient_cef3\debug\webclient_cef3.tlog\link.read.1.tlog
h:\visual studio 2013\projects\webclient_cef3\webclient_cef3\debug\webclient_cef3.tlog\link.write.1.tlog
h:\visual studio 2013\projects\webclient_cef3\webclient_cef3\debug\webclient_cef3.tlog\rc.command.1.tlog
h:\visual studio 2013\projects\webclient_cef3\webclient_cef3\debug\webclient_cef3.tlog\rc.read.1.tlog
h:\visual studio 2013\projects\webclient_cef3\webclient_cef3\debug\webclient_cef3.tlog\rc.write.1.tlog
