h:\visual studio 2013\projects\webclient_cef3\webclient_cef3\release\soar技能高考在线实训系统平台客户端.pch
h:\visual studio 2013\projects\webclient_cef3\webclient_cef3\release\vc120.pdb
h:\visual studio 2013\projects\webclient_cef3\webclient_cef3\release\stdafx.obj
h:\visual studio 2013\projects\webclient_cef3\webclient_cef3\release\webclient_cef3dlg.obj
h:\visual studio 2013\projects\webclient_cef3\webclient_cef3\release\webclient_cef3.obj
h:\visual studio 2013\projects\webclient_cef3\webclient_cef3\release\webclient.obj
h:\visual studio 2013\projects\webclient_cef3\webclient_cef3\release\smgplayerdlg.obj
h:\visual studio 2013\projects\webclient_cef3\webclient_cef3\release\smg.obj
h:\visual studio 2013\projects\webclient_cef3\webclient_cef3\release\myvisit.obj
h:\visual studio 2013\projects\webclient_cef3\webclient_cef3\release\ipdlg.obj
h:\visual studio 2013\projects\webclient_cef3\webclient_cef3\release\impidispatch.obj
h:\visual studio 2013\projects\webclient_cef3\webclient_cef3\release\gdipbutton.obj
h:\visual studio 2013\projects\webclient_cef3\webclient_cef3\release\explorer1.obj
h:\visual studio 2013\projects\webclient_cef3\webclient_cef3\release\dscomposerplayeractivexctrl1.obj
h:\visual studio 2013\projects\webclient_cef3\webclient_cef3\release\customcontrolsite.obj
h:\visual studio 2013\projects\webclient_cef3\webclient_cef3\release\clientv8extensionhandler.obj
h:\visual studio 2013\projects\webclient_cef3\webclient_cef3\release\clienthandler.obj
h:\visual studio 2013\projects\webclient_cef3\release\soar技能高考在线实训系统平台客户端.exe
h:\visual studio 2013\projects\webclient_cef3\release\soar技能高考在线实训系统平台客户端.pdb
h:\visual studio 2013\projects\webclient_cef3\webclient_cef3\release\webclient_cef3.res
h:\visual studio 2013\projects\webclient_cef3\webclient_cef3\release\webclient_cef3.tlog\cl.command.1.tlog
h:\visual studio 2013\projects\webclient_cef3\webclient_cef3\release\webclient_cef3.tlog\cl.read.1.tlog
h:\visual studio 2013\projects\webclient_cef3\webclient_cef3\release\webclient_cef3.tlog\cl.write.1.tlog
h:\visual studio 2013\projects\webclient_cef3\webclient_cef3\release\webclient_cef3.tlog\link.command.1.tlog
h:\visual studio 2013\projects\webclient_cef3\webclient_cef3\release\webclient_cef3.tlog\link.read.1.tlog
h:\visual studio 2013\projects\webclient_cef3\webclient_cef3\release\webclient_cef3.tlog\link.write.1.tlog
h:\visual studio 2013\projects\webclient_cef3\webclient_cef3\release\webclient_cef3.tlog\rc.command.1.tlog
h:\visual studio 2013\projects\webclient_cef3\webclient_cef3\release\webclient_cef3.tlog\rc.read.1.tlog
h:\visual studio 2013\projects\webclient_cef3\webclient_cef3\release\webclient_cef3.tlog\rc.write.1.tlog
