生成启动时间为 2018/10/11 星期四 14:58:52。
     1>项目“H:\Visual Studio 2013\Projects\WebClient_CEF3\WebClient_CEF3\WebClient_CEF3.vcxproj”在节点 2 上(Rebuild 个目标)。
     1>ClCompile:
         E:\software\VisualStudio2013\VC\bin\CL.exe /c /Zi /nologo /W3 /WX- /O2 /Oi /Oy- /GL /D WIN32 /D _WINDOWS /D NDEBUG /D _MBCS /Gm- /EHsc /MT /GS /Gy /fp:precise /Zc:wchar_t /Zc:forScope /Yc"stdafx.h" /Fp"Release\SOAR技能高考在线实训系统平台客户端.pch" /Fo"Release\\" /Fd"Release\vc120.pdb" /Gd /TP /analyze- /errorReport:prompt stdafx.cpp
         stdafx.cpp
     1>E:\software\VisualStudio2013\VC\atlmfc\include\afx.h(38): warning C4996: 'MBCS_Support_Deprecated_In_MFC': MBCS support in MFC is deprecated and may be removed in a future version of MFC.
                 E:\software\VisualStudio2013\VC\atlmfc\include\afx.h(33) : 参见“MBCS_Support_Deprecated_In_MFC”的声明
         E:\software\VisualStudio2013\VC\bin\CL.exe /c /Zi /nologo /W3 /WX- /O2 /Oi /Oy- /GL /D WIN32 /D _WINDOWS /D NDEBUG /D _MBCS /Gm- /EHsc /MT /GS /Gy /fp:precise /Zc:wchar_t /Zc:forScope /Yu"stdafx.h" /Fp"Release\SOAR技能高考在线实训系统平台客户端.pch" /Fo"Release\\" /Fd"Release\vc120.pdb" /Gd /TP /analyze- /errorReport:prompt ClientHandler.cpp ClientV8ExtensionHandler.cpp CustomControlSite.cpp dscomposerplayeractivexctrl1.cpp explorer1.cpp GdipButton.cpp ImpIDispatch.cpp IpDlg.cpp MyVisit.cpp SMG.cpp SmgPlayerDlg.cpp WebClient.cpp WebClient_CEF3.cpp WebClient_CEF3Dlg.cpp
         ClientHandler.cpp
         ClientV8ExtensionHandler.cpp
         CustomControlSite.cpp
         dscomposerplayeractivexctrl1.cpp
         explorer1.cpp
         GdipButton.cpp
     1>GdipButton.cpp(207): warning C4244: “=”: 从“int”转换到“Gdiplus::REAL”，可能丢失数据
         ImpIDispatch.cpp
         IpDlg.cpp
         MyVisit.cpp
         SMG.cpp
     1>SMG.cpp(101): warning C4244: “参数”: 从“double”转换到“int”，可能丢失数据
     1>SMG.cpp(103): warning C4244: “参数”: 从“double”转换到“int”，可能丢失数据
         SmgPlayerDlg.cpp
     1>SmgPlayerDlg.cpp(108): warning C4244: “参数”: 从“double”转换到“int”，可能丢失数据
     1>SmgPlayerDlg.cpp(155): warning C4244: “参数”: 从“double”转换到“int”，可能丢失数据
     1>SmgPlayerDlg.cpp(156): warning C4244: “参数”: 从“double”转换到“int”，可能丢失数据
     1>SmgPlayerDlg.cpp(190): warning C4244: “初始化”: 从“double”转换到“int”，可能丢失数据
     1>SmgPlayerDlg.cpp(191): warning C4244: “初始化”: 从“double”转换到“int”，可能丢失数据
         WebClient.cpp
         WebClient_CEF3.cpp
         WebClient_CEF3Dlg.cpp
     1>WebClient_CEF3Dlg.cpp(173): warning C4244: “参数”: 从“double”转换到“int”，可能丢失数据
     1>WebClient_CEF3Dlg.cpp(415): warning C4244: “参数”: 从“double”转换到“int”，可能丢失数据
       ResourceCompile:
         C:\Program Files (x86)\Windows Kits\8.1\bin\x86\rc.exe /D NDEBUG /l"0x0804" /IRelease\ /nologo /fo"Release\WebClient_CEF3.res" WebClient_CEF3.rc 
       Link:
         E:\software\VisualStudio2013\VC\bin\link.exe /ERRORREPORT:PROMPT /OUT:"H:\Visual Studio 2013\Projects\WebClient_CEF3\Release\SOAR技能高考在线实训系统平台客户端.exe" /INCREMENTAL:NO /NOLOGO libcef.lib libcef_dll_wrapper.lib cef_sandbox.lib /MANIFEST /MANIFESTUAC:"level='requireAdministrator' uiAccess='false'" /manifest:embed /manifestinput:E:\software\VisualStudio2013\VC\Include\Manifest\dpiaware.manifest /DEBUG /PDB:"H:\Visual Studio 2013\Projects\WebClient_CEF3\Release\SOAR技能高考在线实训系统平台客户端.pdb" /SUBSYSTEM:WINDOWS /LARGEADDRESSAWARE /OPT:REF /OPT:ICF /LTCG /TLBID:1 /DYNAMICBASE /NXCOMPAT /IMPLIB:"H:\Visual Studio 2013\Projects\WebClient_CEF3\Release\SOAR技能高考在线实训系统平台客户端.lib" /MACHINE:X86 /SAFESEH Release\WebClient_CEF3.res
         Release\ClientHandler.obj
         Release\ClientV8ExtensionHandler.obj
         Release\CustomControlSite.obj
         Release\dscomposerplayeractivexctrl1.obj
         Release\explorer1.obj
         Release\GdipButton.obj
         Release\ImpIDispatch.obj
         Release\IpDlg.obj
         Release\MyVisit.obj
         Release\SMG.obj
         Release\SmgPlayerDlg.obj
         Release\stdafx.obj
         Release\WebClient.obj
         Release\WebClient_CEF3.obj
         Release\WebClient_CEF3Dlg.obj
         正在生成代码
         已完成代码的生成
         WebClient_CEF3.vcxproj -> H:\Visual Studio 2013\Projects\WebClient_CEF3\Release\SOAR技能高考在线实训系统平台客户端.exe
     1>已完成生成项目“H:\Visual Studio 2013\Projects\WebClient_CEF3\WebClient_CEF3\WebClient_CEF3.vcxproj”(Rebuild 个目标)的操作。

生成成功。

已用时间 00:00:30.75
